app/build/intermediates/manifest_merge_blame_file/debug/manifest-merger-blame-debug-report.txt
1<?xml version="1.0" encoding="utf-8"?>
2<manifest xmlns:android="http://schemas.android.com/apk/res/android"
3    package="com.learning.notboredapp"
4    android:versionCode="1"
5    android:versionName="1.0" >
6
7    <uses-sdk
8        android:minSdkVersion="27"
8-->src/main/AndroidManifest.xml
9        android:targetSdkVersion="31" />
9-->src/main/AndroidManifest.xml
10
11    <uses-permission android:name="android.permission.INTERNET" />
11-->src/main/AndroidManifest.xml:5:5-66
11-->src/main/AndroidManifest.xml:5:22-64
12
13    <application
13-->src/main/AndroidManifest.xml:7:5-29:19
14        android:allowBackup="true"
14-->src/main/AndroidManifest.xml:8:9-35
15        android:appComponentFactory="androidx.core.app.CoreComponentFactory"
15-->[androidx.core:core:1.7.0-beta01] AndroidManifest.xml:24:18-86
16        android:debuggable="true"
17        android:extractNativeLibs="false"
18        android:icon="@mipmap/ic_launcher"
18-->src/main/AndroidManifest.xml:9:9-43
19        android:label="@string/app_name"
19-->src/main/AndroidManifest.xml:10:9-41
20        android:roundIcon="@mipmap/ic_launcher_round"
20-->src/main/AndroidManifest.xml:11:9-54
21        android:supportsRtl="true"
21-->src/main/AndroidManifest.xml:12:9-35
22        android:testOnly="true"
23        android:theme="@style/Theme.NotBoredApp" >
23-->src/main/AndroidManifest.xml:13:9-49
24        <activity
24-->src/main/AndroidManifest.xml:14:9-16:39
25            android:name="com.learning.notboredapp.ui.activitydetails.SuggestedDetailActivity"
25-->src/main/AndroidManifest.xml:15:13-71
26            android:exported="true" />
26-->src/main/AndroidManifest.xml:16:13-36
27        <activity
27-->src/main/AndroidManifest.xml:17:9-19:39
28            android:name="com.learning.notboredapp.ui.activity.ActivitiesActivity"
28-->src/main/AndroidManifest.xml:18:13-59
29            android:exported="true" />
29-->src/main/AndroidManifest.xml:19:13-36
30        <activity
30-->src/main/AndroidManifest.xml:20:9-28:20
31            android:name="com.learning.notboredapp.ui.MainActivity"
31-->src/main/AndroidManifest.xml:21:13-44
32            android:exported="true" >
32-->src/main/AndroidManifest.xml:22:13-36
33            <intent-filter>
33-->src/main/AndroidManifest.xml:23:13-27:29
34                <action android:name="android.intent.action.MAIN" />
34-->src/main/AndroidManifest.xml:24:17-69
34-->src/main/AndroidManifest.xml:24:25-66
35
36                <category android:name="android.intent.category.LAUNCHER" />
36-->src/main/AndroidManifest.xml:26:17-77
36-->src/main/AndroidManifest.xml:26:27-74
37            </intent-filter>
38        </activity>
39    </application>
40
41</manifest>